<?xml version="1.0" encoding="UTF-8"?>
<testng-results ignored="0" total="2" passed="2" failed="0" skipped="0">
  <reporter-output>
  </reporter-output>
  <suite started-at="2023-05-03T17:30:02 IST" name="Default Suite" finished-at="2023-05-03T17:30:06 IST" duration-ms="4304">
    <groups>
    </groups>
    <test started-at="2023-05-03T17:30:02 IST" name="QuorumAPIFramework" finished-at="2023-05-03T17:30:06 IST" duration-ms="4304">
      <class name="APITest">
        <test-method signature="testAPIResponse()[pri:0, instance:APITest@75f9eccc]" started-at="2023-05-03T17:30:02 IST" name="testAPIResponse" finished-at="2023-05-03T17:30:06 IST" duration-ms="3894" status="PASS">
          <reporter-output>
          </reporter-output>
        </test-method> <!-- testAPIResponse -->
        <test-method signature="testApiWithBDD()[pri:0, instance:APITest@75f9eccc]" started-at="2023-05-03T17:30:06 IST" name="testApiWithBDD" finished-at="2023-05-03T17:30:06 IST" duration-ms="355" status="PASS">
          <reporter-output>
          </reporter-output>
        </test-method> <!-- testApiWithBDD -->
      </class> <!-- APITest -->
    </test> <!-- QuorumAPIFramework -->
  </suite> <!-- Default Suite -->
</testng-results>
